2024-05-20 11:42:30,858 - INFO - Successfully authenticated
2024-05-20 11:42:31,126 - INFO - Created directory: ./generated_code
2024-05-20 11:42:31,126 - INFO - Created directory: ./generated_code/dto
2024-05-20 11:42:31,126 - INFO - Created directory: ./generated_code/service
2024-05-20 11:42:31,127 - INFO - Created directory: ./generated_code/controller
2024-05-20 11:42:31,127 - INFO - Created directory: ./generated_code/pres
2024-05-20 11:42:33,629 - INFO - Retrieved metadata for OVERVIEW_WB_ALL
2024-05-20 11:42:33,669 - INFO - Code generated for OverviewWbAll
2024-05-20 11:42:33,669 - INFO - Generated route registration for OverviewWbAll
2024-05-20 11:42:33,669 - INFO - Generated Navigator for OverviewWbAll
2024-05-20 11:42:36,996 - INFO - Retrieved metadata for CTM_WB_RECEIVED
2024-05-20 11:42:37,001 - INFO - Code generated for WbReceived
2024-05-20 11:42:37,002 - INFO - Generated route registration for WbReceived
2024-05-20 11:42:37,002 - INFO - Generated Navigator for WbReceived
2024-05-20 11:42:40,301 - INFO - Retrieved metadata for CTM_WB_RECEIVED
2024-05-20 11:42:40,307 - INFO - Code generated for WbReceivedSuratPengantar
2024-05-20 11:42:40,307 - INFO - Generated route registration for WbReceivedSuratPengantar
2024-05-20 11:42:40,307 - INFO - Generated Navigator for WbReceivedSuratPengantar
2024-05-20 11:42:43,601 - INFO - Retrieved metadata for CTM_WB_RECEIVED
2024-05-20 11:42:43,606 - INFO - Code generated for WbReceivedSuratJalan
2024-05-20 11:42:43,606 - INFO - Generated route registration for WbReceivedSuratJalan
2024-05-20 11:42:43,614 - INFO - Generated Navigator for WbReceivedSuratJalan
2024-05-20 11:42:46,957 - INFO - Retrieved metadata for CTM_WB_RECEIVED
2024-05-20 11:42:46,970 - INFO - Code generated for WbReceivedNotaKirim
2024-05-20 11:42:46,970 - INFO - Generated route registration for WbReceivedNotaKirim
2024-05-20 11:42:46,970 - INFO - Generated Navigator for WbReceivedNotaKirim
2024-05-20 11:42:50,263 - INFO - Retrieved metadata for CTM_WB_RECEIVED
2024-05-20 11:42:50,276 - INFO - Code generated for WbReceivedNotaTerima
2024-05-20 11:42:50,276 - INFO - Generated route registration for WbReceivedNotaTerima
2024-05-20 11:42:50,276 - INFO - Generated Navigator for WbReceivedNotaTerima
2024-05-20 11:42:53,595 - INFO - Retrieved metadata for CTM_WB_RECEIVED
2024-05-20 11:42:53,600 - INFO - Code generated for WbReceivedOthers
2024-05-20 11:42:53,600 - INFO - Generated route registration for WbReceivedOthers
2024-05-20 11:42:53,600 - INFO - Generated Navigator for WbReceivedOthers
2024-05-20 11:42:56,910 - INFO - Retrieved metadata for CTM_WB_RECEIVED
2024-05-20 11:42:56,915 - INFO - Code generated for WbReceivedTtgTrading
2024-05-20 11:42:56,915 - INFO - Generated route registration for WbReceivedTtgTrading
2024-05-20 11:42:56,916 - INFO - Generated Navigator for WbReceivedTtgTrading
2024-05-20 11:43:00,265 - INFO - Retrieved metadata for CTM_WB_RECEIVED
2024-05-20 11:43:00,270 - INFO - Code generated for WbReceivedTbsExt
2024-05-20 11:43:00,271 - INFO - Generated route registration for WbReceivedTbsExt
2024-05-20 11:43:00,271 - INFO - Generated Navigator for WbReceivedTbsExt
2024-05-20 11:43:03,569 - INFO - Retrieved metadata for CTM_WB_RECEIVED
2024-05-20 11:43:03,575 - INFO - Code generated for WbReceivedTbsPlasma
2024-05-20 11:43:03,575 - INFO - Generated route registration for WbReceivedTbsPlasma
2024-05-20 11:43:03,575 - INFO - Generated Navigator for WbReceivedTbsPlasma
2024-05-20 11:43:06,880 - INFO - Retrieved metadata for CTM_WB_RECEIVED
2024-05-20 11:43:06,885 - INFO - Code generated for WbReceivedTbsInt
2024-05-20 11:43:06,885 - INFO - Generated route registration for WbReceivedTbsInt
2024-05-20 11:43:06,885 - INFO - Generated Navigator for WbReceivedTbsInt
2024-05-20 11:43:10,214 - INFO - Retrieved metadata for CTM_WB_RECEIVED
2024-05-20 11:43:10,219 - INFO - Code generated for WbReceivedTbsAfliasi
2024-05-20 11:43:10,219 - INFO - Generated route registration for WbReceivedTbsAfliasi
2024-05-20 11:43:10,219 - INFO - Generated Navigator for WbReceivedTbsAfliasi
2024-05-20 11:43:13,615 - INFO - Retrieved metadata for CTM_WB_RECEIVED
2024-05-20 11:43:13,621 - INFO - Code generated for WbReceivedTbsTitipOlah
2024-05-20 11:43:13,621 - INFO - Generated route registration for WbReceivedTbsTitipOlah
2024-05-20 11:43:13,621 - INFO - Generated Navigator for WbReceivedTbsTitipOlah
2024-05-20 11:43:16,992 - INFO - Retrieved metadata for CTM_WB_RECEIVED
2024-05-20 11:43:16,998 - INFO - Code generated for WbReceivedTtgNonTbs
2024-05-20 11:43:16,998 - INFO - Generated route registration for WbReceivedTtgNonTbs
2024-05-20 11:43:16,998 - INFO - Generated Navigator for WbReceivedTtgNonTbs
2024-05-20 11:43:20,263 - INFO - Retrieved metadata for CTM_WB_RECEIVED
2024-05-20 11:43:20,268 - INFO - Code generated for WbReceivedNonTbsTitipOlah
2024-05-20 11:43:20,269 - INFO - Generated route registration for WbReceivedNonTbsTitipOlah
2024-05-20 11:43:20,269 - INFO - Generated Navigator for WbReceivedNonTbsTitipOlah
2024-05-20 11:43:20,799 - INFO - Retrieved metadata for CTM_WB_LOCATION
2024-05-20 11:43:20,801 - INFO - Code generated for WbLocationSuratAntar
2024-05-20 11:43:20,801 - INFO - Generated route registration for WbLocationSuratAntar
2024-05-20 11:43:20,801 - INFO - Generated Navigator for WbLocationSuratAntar
2024-05-20 11:43:21,327 - INFO - Retrieved metadata for CTM_WB_LOCATION
2024-05-20 11:43:21,329 - INFO - Code generated for WbLocationSuratJalan
2024-05-20 11:43:21,330 - INFO - Generated route registration for WbLocationSuratJalan
2024-05-20 11:43:21,330 - INFO - Generated Navigator for WbLocationSuratJalan
2024-05-20 11:43:22,090 - INFO - Retrieved metadata for CTM_WB_TBS_PLASMA
2024-05-20 11:43:22,092 - INFO - Code generated for WbTbsPlasma
2024-05-20 11:43:22,092 - INFO - Generated route registration for WbTbsPlasma
2024-05-20 11:43:22,092 - INFO - Generated Navigator for WbTbsPlasma
2024-05-20 11:43:22,689 - INFO - Retrieved metadata for CTM_WB_TBS_INFO
2024-05-20 11:43:22,691 - INFO - Code generated for WbTbsInfoTbsInt
2024-05-20 11:43:22,691 - INFO - Generated route registration for WbTbsInfoTbsInt
2024-05-20 11:43:22,691 - INFO - Generated Navigator for WbTbsInfoTbsInt
2024-05-20 11:43:23,429 - INFO - Retrieved metadata for CTM_WB_TBS_PLASMA
2024-05-20 11:43:23,431 - INFO - Code generated for WbTbsPlasma
2024-05-20 11:43:23,431 - INFO - Generated route registration for WbTbsPlasma
2024-05-20 11:43:23,431 - INFO - Generated Navigator for WbTbsPlasma
2024-05-20 11:43:24,012 - INFO - Retrieved metadata for CTM_WB_TBS_INFO
2024-05-20 11:43:24,014 - INFO - Code generated for WbTbsInfoTbsTitipOlah
2024-05-20 11:43:24,014 - INFO - Generated route registration for WbTbsInfoTbsTitipOlah
2024-05-20 11:43:24,014 - INFO - Generated Navigator for WbTbsInfoTbsTitipOlah
2024-05-20 11:43:25,738 - INFO - Retrieved metadata for INVENTORY_PART_IN_STOCK_LOC
2024-05-20 11:43:25,742 - INFO - Code generated for InventoryPartInStockLoc
2024-05-20 11:43:25,742 - INFO - Generated route registration for InventoryPartInStockLoc
2024-05-20 11:43:25,742 - INFO - Generated Navigator for InventoryPartInStockLoc
2024-05-20 11:43:29,026 - INFO - Retrieved metadata for CTM_WB_RECEIVED
2024-05-20 11:43:29,031 - INFO - Code generated for WbReceivedOverviewTbsExt
2024-05-20 11:43:29,032 - INFO - Generated route registration for WbReceivedOverviewTbsExt
2024-05-20 11:43:29,032 - INFO - Generated Navigator for WbReceivedOverviewTbsExt
2024-05-20 11:43:30,381 - INFO - Retrieved metadata for OVERVIEW_TBS_PLASMA
2024-05-20 11:43:30,384 - INFO - Code generated for OverviewTbsPlasma
2024-05-20 11:43:30,384 - INFO - Generated route registration for OverviewTbsPlasma
2024-05-20 11:43:30,384 - INFO - Generated Navigator for OverviewTbsPlasma
2024-05-20 11:43:31,416 - INFO - Retrieved metadata for OVERVIEW_TBS_AFILIASI
2024-05-20 11:43:31,418 - INFO - Code generated for OverviewTbsAfiliasi
2024-05-20 11:43:31,419 - INFO - Generated route registration for OverviewTbsAfiliasi
2024-05-20 11:43:31,419 - INFO - Generated Navigator for OverviewTbsAfiliasi
2024-05-20 11:43:39,020 - INFO - Retrieved metadata for CUSTOMER_ORDER
2024-05-20 11:43:39,029 - INFO - Code generated for CustomerOrder
2024-05-20 11:43:39,030 - INFO - Generated route registration for CustomerOrder
2024-05-20 11:43:39,030 - INFO - Generated Navigator for CustomerOrder
2024-05-20 11:43:40,292 - ERROR - An error occurred while getting metadata for table CUSTOMER_ORDER_JOIN: 'NoneType' object has no attribute 'json'
2024-05-20 11:43:46,246 - INFO - Retrieved metadata for PURCHASE_ORDER
2024-05-20 11:43:46,253 - INFO - Code generated for PurchaseOrder
2024-05-20 11:43:46,254 - INFO - Generated route registration for PurchaseOrder
2024-05-20 11:43:46,254 - INFO - Generated Navigator for PurchaseOrder
2024-05-20 11:43:53,843 - ERROR - An error occurred while getting metadata for table PURCHASE_ORDER_LINE_ALL: Expecting value: line 1 column 63977 (char 63976)
2024-05-20 11:43:54,322 - INFO - Retrieved metadata for CTM_BERAT_JANJANG_AVG
2024-05-20 11:43:54,324 - INFO - Code generated for BeratJanjangAvg
2024-05-20 11:43:54,324 - INFO - Generated route registration for BeratJanjangAvg
2024-05-20 11:43:54,324 - INFO - Generated Navigator for BeratJanjangAvg
2024-05-20 11:43:55,051 - INFO - Retrieved metadata for CTM_SITE_TIME_REGION
2024-05-20 11:43:55,061 - INFO - Code generated for SiteTimeRegion
2024-05-20 11:43:55,061 - INFO - Generated route registration for SiteTimeRegion
2024-05-20 11:43:55,061 - INFO - Generated Navigator for SiteTimeRegion
2024-05-20 11:43:55,581 - INFO - Retrieved metadata for CTM_PART_WB_TRANSACTION
2024-05-20 11:43:55,590 - INFO - Code generated for PartWbTransaction
2024-05-20 11:43:55,590 - INFO - Generated route registration for PartWbTransaction
2024-05-20 11:43:55,590 - INFO - Generated Navigator for PartWbTransaction
2024-05-20 11:43:57,158 - INFO - Retrieved metadata for INV_PART_IN_STOCK_DELIV2
2024-05-20 11:43:57,169 - INFO - Code generated for InvPartInStockDeliv2
2024-05-20 11:43:57,169 - INFO - Generated route registration for InvPartInStockDeliv2
2024-05-20 11:43:57,170 - INFO - Generated Navigator for InvPartInStockDeliv2
2024-05-20 11:43:57,520 - INFO - Retrieved metadata for CTM_BA_SELISIH_ANGKUT_HEADER
2024-05-20 11:43:57,521 - INFO - Code generated for BaSelisihAngkutHeader
2024-05-20 11:43:57,522 - INFO - Generated route registration for BaSelisihAngkutHeader
2024-05-20 11:43:57,522 - INFO - Generated Navigator for BaSelisihAngkutHeader
2024-05-20 11:43:58,488 - INFO - Retrieved metadata for CTM_BA_SELISIH_ANGKUT
2024-05-20 11:43:58,490 - INFO - Code generated for BaSelisihAngkut
2024-05-20 11:43:58,491 - INFO - Generated route registration for BaSelisihAngkut
2024-05-20 11:43:58,491 - INFO - Generated Navigator for BaSelisihAngkut
2024-05-20 11:43:59,467 - INFO - Retrieved metadata for CTM_BA_SELISIH_ANGKUT
2024-05-20 11:43:59,469 - INFO - Code generated for BaSelisihAngkutOverview
2024-05-20 11:43:59,469 - INFO - Generated route registration for BaSelisihAngkutOverview
2024-05-20 11:43:59,469 - INFO - Generated Navigator for BaSelisihAngkutOverview
2024-05-20 11:44:00,347 - INFO - Retrieved metadata for CTM_QUALITY_TTBJ_HEAD
2024-05-20 11:44:00,349 - INFO - Code generated for QualityTtbjHead
2024-05-20 11:44:00,350 - INFO - Generated route registration for QualityTtbjHead
2024-05-20 11:44:00,350 - INFO - Generated Navigator for QualityTtbjHead
2024-05-20 11:44:01,901 - INFO - Retrieved metadata for CTM_INVENT_PART_IN_STOCK_DELIV
2024-05-20 11:44:01,905 - INFO - Code generated for InventPartInStockDeliv
2024-05-20 11:44:01,905 - INFO - Generated route registration for InventPartInStockDeliv
2024-05-20 11:44:01,905 - INFO - Generated Navigator for InventPartInStockDeliv
2024-05-20 11:44:02,767 - INFO - Retrieved metadata for CTM_QUALITY_TTBJ
2024-05-20 11:44:02,769 - INFO - Code generated for QualityTtbj
2024-05-20 11:44:02,769 - INFO - Generated route registration for QualityTtbj
2024-05-20 11:44:02,769 - INFO - Generated Navigator for QualityTtbj
2024-05-20 11:44:02,882 - ERROR - Empty data for table: CTM_QUALITY_TTBJ_DISC
2024-05-20 11:44:04,075 - INFO - Retrieved metadata for CTM_QUALITY_TTBJ_ALL
2024-05-20 11:44:04,078 - INFO - Code generated for QualityTtbjAll
2024-05-20 11:44:04,078 - INFO - Generated route registration for QualityTtbjAll
2024-05-20 11:44:04,078 - INFO - Generated Navigator for QualityTtbjAll
2024-05-20 11:44:05,098 - INFO - Retrieved metadata for CTM_QUALITY_FG_HEAD
2024-05-20 11:44:05,100 - INFO - Code generated for QualityFgHead
2024-05-20 11:44:05,100 - INFO - Generated route registration for QualityFgHead
2024-05-20 11:44:05,100 - INFO - Generated Navigator for QualityFgHead
2024-05-20 11:44:05,490 - INFO - Retrieved metadata for CTM_DISTINCT_CONTRACT
2024-05-20 11:44:05,493 - INFO - Code generated for DistinctContract
2024-05-20 11:44:05,493 - INFO - Generated route registration for DistinctContract
2024-05-20 11:44:05,493 - INFO - Generated Navigator for DistinctContract
2024-05-20 11:44:06,231 - INFO - Retrieved metadata for CTM_QUALITY_FG_DISC
2024-05-20 11:44:06,233 - INFO - Code generated for QualityFgDisc
2024-05-20 11:44:06,233 - INFO - Generated route registration for QualityFgDisc
2024-05-20 11:44:06,233 - INFO - Generated Navigator for QualityFgDisc
2024-05-20 11:44:06,977 - INFO - Retrieved metadata for CTM_QUALITY_FG_INDISC
2024-05-20 11:44:06,979 - INFO - Code generated for QualityFgIndisc
2024-05-20 11:44:06,979 - INFO - Generated route registration for QualityFgIndisc
2024-05-20 11:44:06,979 - INFO - Generated Navigator for QualityFgIndisc
2024-05-20 11:44:10,272 - INFO - Retrieved metadata for RETURN_MATERIAL
2024-05-20 11:44:10,285 - INFO - Code generated for ReturnMaterial
2024-05-20 11:44:10,285 - INFO - Generated route registration for ReturnMaterial
2024-05-20 11:44:10,285 - INFO - Generated Navigator for ReturnMaterial
2024-05-20 11:44:13,453 - INFO - Retrieved metadata for RETURN_MATERIAL_LINE
2024-05-20 11:44:13,468 - INFO - Code generated for ReturnMaterialLine
2024-05-20 11:44:13,468 - INFO - Generated route registration for ReturnMaterialLine
2024-05-20 11:44:13,468 - INFO - Generated Navigator for ReturnMaterialLine
2024-05-20 11:44:15,455 - INFO - Retrieved metadata for RETURN_MATERIAL_CHARGE
2024-05-20 11:44:15,458 - INFO - Code generated for ReturnMaterialCharge
2024-05-20 11:44:15,459 - INFO - Generated route registration for ReturnMaterialCharge
2024-05-20 11:44:15,459 - INFO - Generated Navigator for ReturnMaterialCharge
2024-05-20 11:44:18,659 - INFO - Retrieved metadata for RETURN_MATERIAL
2024-05-20 11:44:18,673 - INFO - Code generated for ReturnMaterialTab
2024-05-20 11:44:18,673 - INFO - Generated route registration for ReturnMaterialTab
2024-05-20 11:44:18,673 - INFO - Generated Navigator for ReturnMaterialTab
2024-05-20 11:44:19,137 - INFO - Retrieved metadata for RETURN_MATERIAL_HISTORY
2024-05-20 11:44:19,147 - INFO - Code generated for ReturnMaterialHistory
2024-05-20 11:44:19,147 - INFO - Generated route registration for ReturnMaterialHistory
2024-05-20 11:44:19,147 - INFO - Generated Navigator for ReturnMaterialHistory
2024-05-20 11:44:19,148 - INFO - Created directory: ./generated_code/lov/dto
2024-05-20 11:44:19,148 - INFO - Created directory: ./generated_code/lov/service
2024-05-20 11:44:19,148 - INFO - Created directory: ./generated_code/lov/controller
2024-05-20 11:44:19,148 - INFO - Created directory: ./generated_code/lov/pres
2024-05-20 11:44:19,742 - INFO - Retrieved metadata for LOV table: SITE IN OVERVIEW_WB_ALL
2024-05-20 11:44:19,745 - INFO - LOV class generated for SiteLov
2024-05-20 11:44:20,223 - INFO - Retrieved metadata for LOV table: CTM_JENIS_DOKUMEN IN OVERVIEW_WB_ALL
2024-05-20 11:44:20,225 - INFO - LOV class generated for JenisDokumenLov
2024-05-20 11:44:20,632 - INFO - Retrieved metadata for LOV table: CTM_NOMOR_DOKUMEN IN OVERVIEW_WB_ALL
2024-05-20 11:44:20,634 - INFO - LOV class generated for NomorDokumenLov
2024-05-20 11:44:21,079 - INFO - Retrieved metadata for LOV table: CTM_JENIS_DOKUMEN IN CTM_WB_RECEIVED
2024-05-20 11:44:21,081 - INFO - LOV class generated for JenisDokumenLov
2024-05-20 11:44:21,494 - INFO - Retrieved metadata for LOV table: CTM_NOMOR_DOKUMEN IN CTM_WB_RECEIVED
2024-05-20 11:44:21,495 - INFO - LOV class generated for NomorDokumenLov
2024-05-20 11:44:23,319 - INFO - Retrieved metadata for LOV table: COMPANY IN CTM_WB_RECEIVED
2024-05-20 11:44:23,322 - INFO - LOV class generated for CompanyLov
2024-05-20 11:44:23,926 - INFO - Retrieved metadata for LOV table: SITE IN CTM_WB_RECEIVED
2024-05-20 11:44:23,927 - INFO - LOV class generated for SiteLov
2024-05-20 11:44:24,384 - INFO - Retrieved metadata for LOV table: CTM_JENIS_DOKUMEN IN CTM_WB_RECEIVED
2024-05-20 11:44:24,385 - INFO - LOV class generated for JenisDokumenLov
2024-05-20 11:44:24,791 - INFO - Retrieved metadata for LOV table: CTM_NOMOR_DOKUMEN IN CTM_WB_RECEIVED
2024-05-20 11:44:24,793 - INFO - LOV class generated for NomorDokumenLov
2024-05-20 11:44:26,760 - INFO - Retrieved metadata for LOV table: COMPANY IN CTM_WB_RECEIVED
2024-05-20 11:44:26,763 - INFO - LOV class generated for CompanyLov
2024-05-20 11:44:27,352 - INFO - Retrieved metadata for LOV table: SITE IN CTM_WB_RECEIVED
2024-05-20 11:44:27,355 - INFO - LOV class generated for SiteLov
2024-05-20 11:44:27,785 - INFO - Retrieved metadata for LOV table: CTM_JENIS_DOKUMEN IN CTM_WB_RECEIVED
2024-05-20 11:44:27,787 - INFO - LOV class generated for JenisDokumenLov
2024-05-20 11:44:28,175 - INFO - Retrieved metadata for LOV table: CTM_NOMOR_DOKUMEN IN CTM_WB_RECEIVED
2024-05-20 11:44:28,177 - INFO - LOV class generated for NomorDokumenLov
2024-05-20 11:44:29,810 - INFO - Retrieved metadata for LOV table: COMPANY IN CTM_WB_RECEIVED
2024-05-20 11:44:29,813 - INFO - LOV class generated for CompanyLov
2024-05-20 11:44:30,393 - INFO - Retrieved metadata for LOV table: SITE IN CTM_WB_RECEIVED
2024-05-20 11:44:30,395 - INFO - LOV class generated for SiteLov
2024-05-20 11:44:30,822 - INFO - Retrieved metadata for LOV table: CTM_JENIS_DOKUMEN IN CTM_WB_RECEIVED
2024-05-20 11:44:30,824 - INFO - LOV class generated for JenisDokumenLov
2024-05-20 11:44:31,214 - INFO - Retrieved metadata for LOV table: CTM_NOMOR_DOKUMEN IN CTM_WB_RECEIVED
2024-05-20 11:44:31,215 - INFO - LOV class generated for NomorDokumenLov
2024-05-20 11:44:32,891 - INFO - Retrieved metadata for LOV table: COMPANY IN CTM_WB_RECEIVED
2024-05-20 11:44:32,895 - INFO - LOV class generated for CompanyLov
2024-05-20 11:44:33,495 - INFO - Retrieved metadata for LOV table: SITE IN CTM_WB_RECEIVED
2024-05-20 11:44:33,496 - INFO - LOV class generated for SiteLov
2024-05-20 11:44:33,920 - INFO - Retrieved metadata for LOV table: CTM_JENIS_DOKUMEN IN CTM_WB_RECEIVED
2024-05-20 11:44:33,921 - INFO - LOV class generated for JenisDokumenLov
2024-05-20 11:44:34,317 - INFO - Retrieved metadata for LOV table: CTM_NOMOR_DOKUMEN IN CTM_WB_RECEIVED
2024-05-20 11:44:34,318 - INFO - LOV class generated for NomorDokumenLov
2024-05-20 11:44:35,946 - INFO - Retrieved metadata for LOV table: COMPANY IN CTM_WB_RECEIVED
2024-05-20 11:44:35,949 - INFO - LOV class generated for CompanyLov
2024-05-20 11:44:36,541 - INFO - Retrieved metadata for LOV table: SITE IN CTM_WB_RECEIVED
2024-05-20 11:44:36,543 - INFO - LOV class generated for SiteLov
2024-05-20 11:44:36,980 - INFO - Retrieved metadata for LOV table: CTM_JENIS_DOKUMEN IN CTM_WB_RECEIVED
2024-05-20 11:44:36,981 - INFO - LOV class generated for JenisDokumenLov
2024-05-20 11:44:37,363 - INFO - Retrieved metadata for LOV table: CTM_NOMOR_DOKUMEN IN CTM_WB_RECEIVED
2024-05-20 11:44:37,365 - INFO - LOV class generated for NomorDokumenLov
2024-05-20 11:44:39,004 - INFO - Retrieved metadata for LOV table: COMPANY IN CTM_WB_RECEIVED
2024-05-20 11:44:39,007 - INFO - LOV class generated for CompanyLov
2024-05-20 11:44:39,592 - INFO - Retrieved metadata for LOV table: SITE IN CTM_WB_RECEIVED
2024-05-20 11:44:39,593 - INFO - LOV class generated for SiteLov
2024-05-20 11:44:40,012 - INFO - Retrieved metadata for LOV table: CTM_JENIS_DOKUMEN IN CTM_WB_RECEIVED
2024-05-20 11:44:40,014 - INFO - LOV class generated for JenisDokumenLov
2024-05-20 11:44:40,402 - INFO - Retrieved metadata for LOV table: CTM_NOMOR_DOKUMEN IN CTM_WB_RECEIVED
2024-05-20 11:44:40,403 - INFO - LOV class generated for NomorDokumenLov
2024-05-20 11:44:42,021 - INFO - Retrieved metadata for LOV table: COMPANY IN CTM_WB_RECEIVED
2024-05-20 11:44:42,024 - INFO - LOV class generated for CompanyLov
2024-05-20 11:44:42,658 - INFO - Retrieved metadata for LOV table: SITE IN CTM_WB_RECEIVED
2024-05-20 11:44:42,660 - INFO - LOV class generated for SiteLov
2024-05-20 11:44:43,130 - INFO - Retrieved metadata for LOV table: CTM_JENIS_DOKUMEN IN CTM_WB_RECEIVED
2024-05-20 11:44:43,132 - INFO - LOV class generated for JenisDokumenLov
2024-05-20 11:44:43,523 - INFO - Retrieved metadata for LOV table: CTM_NOMOR_DOKUMEN IN CTM_WB_RECEIVED
2024-05-20 11:44:43,525 - INFO - LOV class generated for NomorDokumenLov
2024-05-20 11:44:45,184 - INFO - Retrieved metadata for LOV table: COMPANY IN CTM_WB_RECEIVED
2024-05-20 11:44:45,187 - INFO - LOV class generated for CompanyLov
2024-05-20 11:44:45,766 - INFO - Retrieved metadata for LOV table: SITE IN CTM_WB_RECEIVED
2024-05-20 11:44:45,768 - INFO - LOV class generated for SiteLov
2024-05-20 11:44:46,197 - INFO - Retrieved metadata for LOV table: CTM_JENIS_DOKUMEN IN CTM_WB_RECEIVED
2024-05-20 11:44:46,198 - INFO - LOV class generated for JenisDokumenLov
2024-05-20 11:44:46,602 - INFO - Retrieved metadata for LOV table: CTM_NOMOR_DOKUMEN IN CTM_WB_RECEIVED
2024-05-20 11:44:46,603 - INFO - LOV class generated for NomorDokumenLov
2024-05-20 11:44:48,290 - INFO - Retrieved metadata for LOV table: COMPANY IN CTM_WB_RECEIVED
2024-05-20 11:44:48,292 - INFO - LOV class generated for CompanyLov
2024-05-20 11:44:48,876 - INFO - Retrieved metadata for LOV table: SITE IN CTM_WB_RECEIVED
2024-05-20 11:44:48,878 - INFO - LOV class generated for SiteLov
2024-05-20 11:44:49,313 - INFO - Retrieved metadata for LOV table: CTM_JENIS_DOKUMEN IN CTM_WB_RECEIVED
2024-05-20 11:44:49,314 - INFO - LOV class generated for JenisDokumenLov
2024-05-20 11:44:49,705 - INFO - Retrieved metadata for LOV table: CTM_NOMOR_DOKUMEN IN CTM_WB_RECEIVED
2024-05-20 11:44:49,706 - INFO - LOV class generated for NomorDokumenLov
2024-05-20 11:44:51,355 - INFO - Retrieved metadata for LOV table: COMPANY IN CTM_WB_RECEIVED
2024-05-20 11:44:51,357 - INFO - LOV class generated for CompanyLov
2024-05-20 11:44:51,927 - INFO - Retrieved metadata for LOV table: SITE IN CTM_WB_RECEIVED
2024-05-20 11:44:51,929 - INFO - LOV class generated for SiteLov
2024-05-20 11:44:52,351 - INFO - Retrieved metadata for LOV table: CTM_JENIS_DOKUMEN IN CTM_WB_RECEIVED
2024-05-20 11:44:52,353 - INFO - LOV class generated for JenisDokumenLov
2024-05-20 11:44:52,737 - INFO - Retrieved metadata for LOV table: CTM_NOMOR_DOKUMEN IN CTM_WB_RECEIVED
2024-05-20 11:44:52,738 - INFO - LOV class generated for NomorDokumenLov
2024-05-20 11:44:54,365 - INFO - Retrieved metadata for LOV table: COMPANY IN CTM_WB_RECEIVED
2024-05-20 11:44:54,368 - INFO - LOV class generated for CompanyLov
2024-05-20 11:44:54,960 - INFO - Retrieved metadata for LOV table: SITE IN CTM_WB_RECEIVED
2024-05-20 11:44:54,961 - INFO - LOV class generated for SiteLov
2024-05-20 11:44:55,391 - INFO - Retrieved metadata for LOV table: CTM_JENIS_DOKUMEN IN CTM_WB_RECEIVED
2024-05-20 11:44:55,393 - INFO - LOV class generated for JenisDokumenLov
2024-05-20 11:44:55,783 - INFO - Retrieved metadata for LOV table: CTM_NOMOR_DOKUMEN IN CTM_WB_RECEIVED
2024-05-20 11:44:55,784 - INFO - LOV class generated for NomorDokumenLov
2024-05-20 11:44:57,439 - INFO - Retrieved metadata for LOV table: COMPANY IN CTM_WB_RECEIVED
2024-05-20 11:44:57,442 - INFO - LOV class generated for CompanyLov
2024-05-20 11:44:58,020 - INFO - Retrieved metadata for LOV table: SITE IN CTM_WB_RECEIVED
2024-05-20 11:44:58,021 - INFO - LOV class generated for SiteLov
2024-05-20 11:44:58,447 - INFO - Retrieved metadata for LOV table: CTM_JENIS_DOKUMEN IN CTM_WB_RECEIVED
2024-05-20 11:44:58,448 - INFO - LOV class generated for JenisDokumenLov
2024-05-20 11:44:58,840 - INFO - Retrieved metadata for LOV table: CTM_NOMOR_DOKUMEN IN CTM_WB_RECEIVED
2024-05-20 11:44:58,841 - INFO - LOV class generated for NomorDokumenLov
2024-05-20 11:45:00,475 - INFO - Retrieved metadata for LOV table: COMPANY IN CTM_WB_RECEIVED
2024-05-20 11:45:00,477 - INFO - LOV class generated for CompanyLov
2024-05-20 11:45:01,052 - INFO - Retrieved metadata for LOV table: SITE IN CTM_WB_RECEIVED
2024-05-20 11:45:01,054 - INFO - LOV class generated for SiteLov
2024-05-20 11:45:01,482 - INFO - Retrieved metadata for LOV table: CTM_JENIS_DOKUMEN IN CTM_WB_RECEIVED
2024-05-20 11:45:01,484 - INFO - LOV class generated for JenisDokumenLov
2024-05-20 11:45:01,883 - INFO - Retrieved metadata for LOV table: CTM_NOMOR_DOKUMEN IN CTM_WB_RECEIVED
2024-05-20 11:45:01,884 - INFO - LOV class generated for NomorDokumenLov
2024-05-20 11:45:03,545 - INFO - Retrieved metadata for LOV table: COMPANY IN CTM_WB_RECEIVED
2024-05-20 11:45:03,548 - INFO - LOV class generated for CompanyLov
2024-05-20 11:45:04,120 - INFO - Retrieved metadata for LOV table: SITE IN CTM_WB_RECEIVED
2024-05-20 11:45:04,122 - INFO - LOV class generated for SiteLov
2024-05-20 11:45:07,380 - INFO - Retrieved metadata for LOV table: CTM_WB_RECEIVED IN CTM_WB_LOCATION
2024-05-20 11:45:07,394 - INFO - LOV class generated for WbReceivedLov
2024-05-20 11:45:10,626 - INFO - Retrieved metadata for LOV table: CTM_WB_RECEIVED IN CTM_WB_LOCATION
2024-05-20 11:45:10,631 - INFO - LOV class generated for WbReceivedLov
2024-05-20 11:45:13,937 - INFO - Retrieved metadata for LOV table: CTM_WB_RECEIVED IN CTM_WB_TBS_PLASMA
2024-05-20 11:45:13,943 - INFO - LOV class generated for WbReceivedLov
2024-05-20 11:45:17,207 - INFO - Retrieved metadata for LOV table: CTM_WB_RECEIVED IN CTM_WB_TBS_INFO
2024-05-20 11:45:17,212 - INFO - LOV class generated for WbReceivedLov
2024-05-20 11:45:20,473 - INFO - Retrieved metadata for LOV table: CTM_WB_RECEIVED IN CTM_WB_TBS_PLASMA
2024-05-20 11:45:20,478 - INFO - LOV class generated for WbReceivedLov
2024-05-20 11:45:23,677 - INFO - Retrieved metadata for LOV table: CTM_WB_RECEIVED IN CTM_WB_TBS_INFO
2024-05-20 11:45:23,683 - INFO - LOV class generated for WbReceivedLov
2024-05-20 11:45:23,997 - INFO - Retrieved metadata for LOV table: ROTABLE_POOL_SITE IN INVENTORY_PART_IN_STOCK_LOC
2024-05-20 11:45:23,999 - INFO - LOV class generated for RotablePoolSiteLov
2024-05-20 11:45:25,445 - INFO - Retrieved metadata for LOV table: PART_AVAILABILITY_CONTROL IN INVENTORY_PART_IN_STOCK_LOC
2024-05-20 11:45:25,447 - INFO - LOV class generated for PartAvailabilityControlLov
2024-05-20 11:45:26,042 - INFO - Retrieved metadata for LOV table: INVENTORY_PART_CONFIG IN INVENTORY_PART_IN_STOCK_LOC
2024-05-20 11:45:26,045 - INFO - LOV class generated for InventoryPartConfigLov
2024-05-20 11:45:26,999 - INFO - Retrieved metadata for LOV table: INVENTORY_LOCATION IN INVENTORY_PART_IN_STOCK_LOC
2024-05-20 11:45:27,002 - INFO - LOV class generated for InventoryLocationLov
2024-05-20 11:45:28,958 - INFO - Retrieved metadata for LOV table: PART_REVISION IN INVENTORY_PART_IN_STOCK_LOC
2024-05-20 11:45:28,961 - INFO - LOV class generated for PartRevisionLov
2024-05-20 11:45:32,451 - INFO - Retrieved metadata for LOV table: ACTIVITY IN INVENTORY_PART_IN_STOCK_LOC
2024-05-20 11:45:32,457 - INFO - LOV class generated for ActivityLov
2024-05-20 11:45:34,778 - INFO - Retrieved metadata for LOV table: HANDLING_UNIT IN INVENTORY_PART_IN_STOCK_LOC
2024-05-20 11:45:34,782 - INFO - LOV class generated for HandlingUnitLov
2024-05-20 11:45:36,417 - INFO - Retrieved metadata for LOV table: WAREHOUSE_BAY_BIN IN INVENTORY_PART_IN_STOCK_LOC
2024-05-20 11:45:36,420 - INFO - LOV class generated for WarehouseBayBinLov
2024-05-20 11:45:36,869 - INFO - Retrieved metadata for LOV table: CTM_JENIS_DOKUMEN IN CTM_WB_RECEIVED
2024-05-20 11:45:36,870 - INFO - LOV class generated for JenisDokumenLov
2024-05-20 11:45:37,260 - INFO - Retrieved metadata for LOV table: CTM_NOMOR_DOKUMEN IN CTM_WB_RECEIVED
2024-05-20 11:45:37,261 - INFO - LOV class generated for NomorDokumenLov
2024-05-20 11:45:38,901 - INFO - Retrieved metadata for LOV table: COMPANY IN CTM_WB_RECEIVED
2024-05-20 11:45:38,904 - INFO - LOV class generated for CompanyLov
2024-05-20 11:45:39,504 - INFO - Retrieved metadata for LOV table: SITE IN CTM_WB_RECEIVED
2024-05-20 11:45:39,505 - INFO - LOV class generated for SiteLov
2024-05-20 11:45:40,088 - INFO - Retrieved metadata for LOV table: SITE IN OVERVIEW_TBS_PLASMA
2024-05-20 11:45:40,090 - INFO - LOV class generated for SiteLov
2024-05-20 11:45:40,517 - INFO - Retrieved metadata for LOV table: CTM_JENIS_DOKUMEN IN OVERVIEW_TBS_PLASMA
2024-05-20 11:45:40,518 - INFO - LOV class generated for JenisDokumenLov
2024-05-20 11:45:40,898 - INFO - Retrieved metadata for LOV table: CTM_NOMOR_DOKUMEN IN OVERVIEW_TBS_PLASMA
2024-05-20 11:45:40,899 - INFO - LOV class generated for NomorDokumenLov
2024-05-20 11:45:41,476 - INFO - Retrieved metadata for LOV table: SITE IN OVERVIEW_TBS_AFILIASI
2024-05-20 11:45:41,478 - INFO - LOV class generated for SiteLov
2024-05-20 11:45:41,911 - INFO - Retrieved metadata for LOV table: CTM_JENIS_DOKUMEN IN OVERVIEW_TBS_AFILIASI
2024-05-20 11:45:41,913 - INFO - LOV class generated for JenisDokumenLov
2024-05-20 11:45:42,310 - INFO - Retrieved metadata for LOV table: CTM_NOMOR_DOKUMEN IN OVERVIEW_TBS_AFILIASI
2024-05-20 11:45:42,312 - INFO - LOV class generated for NomorDokumenLov
2024-05-20 11:45:43,005 - INFO - Retrieved metadata for LOV table: BUSINESS_TRANSACTION_ID IN CUSTOMER_ORDER
2024-05-20 11:45:43,006 - INFO - LOV class generated for BusinessTransactionIdLov
2024-05-20 11:45:43,445 - INFO - Retrieved metadata for LOV table: ORDER_COORDINATOR IN CUSTOMER_ORDER
2024-05-20 11:45:43,447 - INFO - LOV class generated for OrderCoordinatorLov
2024-05-20 11:45:45,234 - INFO - Retrieved metadata for LOV table: CUSTOMER_INFO_ADDRESS IN CUSTOMER_ORDER
2024-05-20 11:45:45,237 - INFO - LOV class generated for CustomerInfoAddressLov
2024-05-20 11:45:45,829 - INFO - Retrieved metadata for LOV table: SITE IN CUSTOMER_ORDER
2024-05-20 11:45:45,831 - INFO - LOV class generated for SiteLov
2024-05-20 11:45:46,655 - INFO - Retrieved metadata for LOV table: ISO_COUNTRY IN CUSTOMER_ORDER
2024-05-20 11:45:46,657 - INFO - LOV class generated for IsoCountryLov
2024-05-20 11:45:47,112 - INFO - Retrieved metadata for LOV table: ISO_CURRENCY IN CUSTOMER_ORDER
2024-05-20 11:45:47,115 - INFO - LOV class generated for IsoCurrencyLov
2024-05-20 11:45:52,562 - INFO - Retrieved metadata for LOV table: CUST_ORD_CUSTOMER IN CUSTOMER_ORDER
2024-05-20 11:45:52,569 - INFO - LOV class generated for CustOrdCustomerLov
2024-05-20 11:45:57,073 - INFO - Retrieved metadata for LOV table: CUST_ORD_CUSTOMER IN CUSTOMER_ORDER
2024-05-20 11:45:57,080 - INFO - LOV class generated for CustOrdCustomerLov
2024-05-20 11:45:58,589 - INFO - Retrieved metadata for LOV table: CUSTOMER_INFO_ADDRESS IN CUSTOMER_ORDER
2024-05-20 11:45:58,592 - INFO - LOV class generated for CustomerInfoAddressLov
2024-05-20 11:45:59,299 - INFO - Retrieved metadata for LOV table: ORDER_DELIVERY_TERM IN CUSTOMER_ORDER
2024-05-20 11:45:59,301 - INFO - LOV class generated for OrderDeliveryTermLov
2024-05-20 11:45:59,739 - INFO - Retrieved metadata for LOV table: SALES_DISTRICT IN CUSTOMER_ORDER
2024-05-20 11:45:59,741 - INFO - LOV class generated for SalesDistrictLov
2024-05-20 11:46:00,054 - INFO - Retrieved metadata for LOV table: APPLICATION_LANGUAGE IN CUSTOMER_ORDER
2024-05-20 11:46:00,055 - INFO - LOV class generated for ApplicationLanguageLov
2024-05-20 11:46:00,488 - INFO - Retrieved metadata for LOV table: SALES_MARKET IN CUSTOMER_ORDER
2024-05-20 11:46:00,490 - INFO - LOV class generated for SalesMarketLov
2024-05-20 11:46:00,962 - INFO - Retrieved metadata for LOV table: CUSTOMER_ORDER_CODE IN CUSTOMER_ORDER
2024-05-20 11:46:00,964 - INFO - LOV class generated for CustomerOrderCodeLov
2024-05-20 11:46:01,644 - INFO - Retrieved metadata for LOV table: CUST_ORDER_TYPE IN CUSTOMER_ORDER
2024-05-20 11:46:01,646 - INFO - LOV class generated for CustOrderTypeLov
2024-05-20 11:46:02,527 - INFO - Retrieved metadata for LOV table: PAYMENT_TERM IN CUSTOMER_ORDER
2024-05-20 11:46:02,529 - INFO - LOV class generated for PaymentTermLov
2024-05-20 11:46:03,003 - INFO - Retrieved metadata for LOV table: CUST_ORD_PRINT_CONTROL IN CUSTOMER_ORDER
2024-05-20 11:46:03,004 - INFO - LOV class generated for CustOrdPrintControlLov
2024-05-20 11:46:03,471 - INFO - Retrieved metadata for LOV table: SALES_REGION IN CUSTOMER_ORDER
2024-05-20 11:46:03,473 - INFO - LOV class generated for SalesRegionLov
2024-05-20 11:46:03,894 - INFO - Retrieved metadata for LOV table: SALES_PART_SALESMAN IN CUSTOMER_ORDER
2024-05-20 11:46:03,903 - INFO - LOV class generated for SalesPartSalesmanLov
2024-05-20 11:46:04,828 - INFO - Retrieved metadata for LOV table: CUST_ORD_CUSTOMER_ADDRESS IN CUSTOMER_ORDER
2024-05-20 11:46:04,831 - INFO - LOV class generated for CustOrdCustomerAddressLov
2024-05-20 11:46:05,557 - INFO - Retrieved metadata for LOV table: MPCCOM_SHIP_VIA IN CUSTOMER_ORDER
2024-05-20 11:46:05,566 - INFO - LOV class generated for MpccomShipViaLov
2024-05-20 11:46:06,091 - INFO - Retrieved metadata for LOV table: TAX_LIABILITY IN CUSTOMER_ORDER
2024-05-20 11:46:06,093 - INFO - LOV class generated for TaxLiabilityLov
2024-05-20 11:46:06,545 - INFO - Retrieved metadata for LOV table: DELIVERY_ROUTE IN CUSTOMER_ORDER
2024-05-20 11:46:06,547 - INFO - LOV class generated for DeliveryRouteLov
2024-05-20 11:46:08,356 - INFO - Retrieved metadata for LOV table: CUSTOMER_AGREEMENT IN CUSTOMER_ORDER
2024-05-20 11:46:08,360 - INFO - LOV class generated for CustomerAgreementLov
2024-05-20 11:46:09,116 - INFO - Retrieved metadata for LOV table: FORWARDER_INFO IN CUSTOMER_ORDER
2024-05-20 11:46:09,118 - INFO - LOV class generated for ForwarderInfoLov
2024-05-20 11:46:12,505 - INFO - Retrieved metadata for LOV table: PROJECT IN CUSTOMER_ORDER
2024-05-20 11:46:12,511 - INFO - LOV class generated for ProjectLov
2024-05-20 11:46:14,258 - INFO - Retrieved metadata for LOV table: CC_CASE_TASK IN CUSTOMER_ORDER
2024-05-20 11:46:14,261 - INFO - LOV class generated for CcCaseTaskLov
2024-05-20 11:46:14,833 - INFO - Retrieved metadata for LOV table: ORDER_CANCEL_REASON IN CUSTOMER_ORDER
2024-05-20 11:46:14,834 - INFO - LOV class generated for OrderCancelReasonLov
2024-05-20 11:46:15,519 - INFO - Retrieved metadata for LOV table: BLOCK_REASONS IN CUSTOMER_ORDER
2024-05-20 11:46:15,520 - INFO - LOV class generated for BlockReasonsLov
2024-05-20 11:46:18,862 - INFO - Retrieved metadata for LOV table: CONTRACT_ITEM IN CUSTOMER_ORDER
2024-05-20 11:46:18,867 - INFO - LOV class generated for ContractItemLov
2024-05-20 11:46:19,299 - INFO - Retrieved metadata for LOV table: CLASSIFICATION_STANDARD IN CUSTOMER_ORDER
2024-05-20 11:46:19,301 - INFO - LOV class generated for ClassificationStandardLov
2024-05-20 11:46:20,075 - INFO - Retrieved metadata for LOV table: ISO_COUNTRY IN CUSTOMER_ORDER
2024-05-20 11:46:20,077 - INFO - LOV class generated for IsoCountryLov
2024-05-20 11:46:24,589 - INFO - Retrieved metadata for LOV table: CUST_ORD_CUSTOMER IN CUSTOMER_ORDER
2024-05-20 11:46:24,596 - INFO - LOV class generated for CustOrdCustomerLov
2024-05-20 11:46:24,996 - INFO - Retrieved metadata for LOV table: FREIGHT_MAP IN CUSTOMER_ORDER
2024-05-20 11:46:24,997 - INFO - LOV class generated for FreightMapLov
2024-05-20 11:46:25,568 - INFO - Retrieved metadata for LOV table: FREIGHT_ZONE IN CUSTOMER_ORDER
2024-05-20 11:46:25,570 - INFO - LOV class generated for FreightZoneLov
2024-05-20 11:46:26,456 - INFO - Retrieved metadata for LOV table: FREIGHT_PRICE_LIST_BASE IN CUSTOMER_ORDER
2024-05-20 11:46:26,458 - INFO - LOV class generated for FreightPriceListBaseLov
2024-05-20 11:46:26,933 - INFO - Retrieved metadata for LOV table: WORK_TIME_CALENDAR IN CUSTOMER_ORDER
2024-05-20 11:46:26,935 - INFO - LOV class generated for WorkTimeCalendarLov
2024-05-20 11:46:27,406 - INFO - Retrieved metadata for LOV table: WORK_TIME_CALENDAR IN CUSTOMER_ORDER
2024-05-20 11:46:27,407 - INFO - LOV class generated for WorkTimeCalendarLov
2024-05-20 11:46:27,877 - INFO - Retrieved metadata for LOV table: ISO_CURRENCY IN CUSTOMER_ORDER
2024-05-20 11:46:27,879 - INFO - LOV class generated for IsoCurrencyLov
2024-05-20 11:46:30,387 - INFO - Retrieved metadata for LOV table: BUSINESS_OPPORTUNITY IN CUSTOMER_ORDER
2024-05-20 11:46:30,391 - INFO - LOV class generated for BusinessOpportunityLov
2024-05-20 11:46:31,487 - INFO - Retrieved metadata for LOV table: SHIPMENT_TYPE IN CUSTOMER_ORDER
2024-05-20 11:46:31,490 - INFO - LOV class generated for ShipmentTypeLov
2024-05-20 11:46:36,489 - INFO - Retrieved metadata for LOV table: SUPPLIER IN CUSTOMER_ORDER
2024-05-20 11:46:36,495 - INFO - LOV class generated for SupplierLov
2024-05-20 11:46:40,619 - INFO - Retrieved metadata for LOV table: ORDER_QUOTATION IN CUSTOMER_ORDER
2024-05-20 11:46:40,625 - INFO - LOV class generated for OrderQuotationLov
2024-05-20 11:46:41,322 - INFO - Retrieved metadata for LOV table: BUSINESS_REPRESENTATIVE IN CUSTOMER_ORDER
2024-05-20 11:46:41,324 - INFO - LOV class generated for BusinessRepresentativeLov
2024-05-20 11:46:41,640 - INFO - Retrieved metadata for LOV table: CUSTOMER_TAX_USAGE_TYPE IN CUSTOMER_ORDER
2024-05-20 11:46:41,641 - INFO - LOV class generated for CustomerTaxUsageTypeLov
2024-05-20 11:46:42,128 - INFO - Retrieved metadata for LOV table: INVOICE_REASON IN CUSTOMER_ORDER
2024-05-20 11:46:42,129 - INFO - LOV class generated for InvoiceReasonLov
2024-05-20 11:46:42,530 - INFO - Retrieved metadata for LOV table: DELIVERY_REASON IN CUSTOMER_ORDER
2024-05-20 11:46:42,540 - INFO - LOV class generated for DeliveryReasonLov
2024-05-20 11:46:42,944 - INFO - Retrieved metadata for LOV table: OFF_INV_NUM_COMP_TYPE_VAL IN CUSTOMER_ORDER
2024-05-20 11:46:42,946 - INFO - LOV class generated for OffInvNumCompTypeValLov
2024-05-20 11:46:43,434 - INFO - Retrieved metadata for LOV table: CUSTOMER_SERVICE_CODE IN CUSTOMER_ORDER
2024-05-20 11:46:43,444 - INFO - LOV class generated for CustomerServiceCodeLov
2024-05-20 11:46:47,963 - INFO - Retrieved metadata for LOV table: IDENTITY_INVOICE_INFO IN PURCHASE_ORDER
2024-05-20 11:46:47,969 - INFO - LOV class generated for IdentityInvoiceInfoLov
2024-05-20 11:46:48,412 - INFO - Retrieved metadata for LOV table: DELIVERY_ROUTE IN PURCHASE_ORDER
2024-05-20 11:46:48,413 - INFO - LOV class generated for DeliveryRouteLov
2024-05-20 11:46:49,015 - INFO - Retrieved metadata for LOV table: BUSINESS_TRANSACTION_ID IN PURCHASE_ORDER
2024-05-20 11:46:49,016 - INFO - LOV class generated for BusinessTransactionIdLov
2024-05-20 11:46:49,596 - INFO - Retrieved metadata for LOV table: SITE IN PURCHASE_ORDER
2024-05-20 11:46:49,598 - INFO - LOV class generated for SiteLov
2024-05-20 11:46:50,060 - INFO - Retrieved metadata for LOV table: ISO_CURRENCY IN PURCHASE_ORDER
2024-05-20 11:46:50,061 - INFO - LOV class generated for IsoCurrencyLov
2024-05-20 11:46:51,416 - INFO - Retrieved metadata for LOV table: COMPANY_ADDRESS IN PURCHASE_ORDER
2024-05-20 11:46:51,419 - INFO - LOV class generated for CompanyAddressLov
2024-05-20 11:46:52,084 - INFO - Retrieved metadata for LOV table: ORDER_DELIVERY_TERM IN PURCHASE_ORDER
2024-05-20 11:46:52,086 - INFO - LOV class generated for OrderDeliveryTermLov
2024-05-20 11:46:52,438 - INFO - Retrieved metadata for LOV table: ISO_LANGUAGE IN PURCHASE_ORDER
2024-05-20 11:46:52,439 - INFO - LOV class generated for IsoLanguageLov
2024-05-20 11:46:53,047 - INFO - Retrieved metadata for LOV table: MPCCOM_SHIP_VIA IN PURCHASE_ORDER
2024-05-20 11:46:53,048 - INFO - LOV class generated for MpccomShipViaLov
2024-05-20 11:46:57,526 - INFO - Retrieved metadata for LOV table: SUPPLIER IN PURCHASE_ORDER
2024-05-20 11:46:57,533 - INFO - LOV class generated for SupplierLov
2024-05-20 11:46:57,852 - INFO - Retrieved metadata for LOV table: PURCHASE_ORDER_TYPE IN PURCHASE_ORDER
2024-05-20 11:46:57,853 - INFO - LOV class generated for PurchaseOrderTypeLov
2024-05-20 11:46:58,610 - INFO - Retrieved metadata for LOV table: ISO_COUNTRY IN PURCHASE_ORDER
2024-05-20 11:46:58,613 - INFO - LOV class generated for IsoCountryLov
2024-05-20 11:46:59,373 - INFO - Retrieved metadata for LOV table: PAYMENT_TERM IN PURCHASE_ORDER
2024-05-20 11:46:59,375 - INFO - LOV class generated for PaymentTermLov
2024-05-20 11:47:01,544 - INFO - Retrieved metadata for LOV table: PUR_APPROVAL_RULE IN PURCHASE_ORDER
2024-05-20 11:47:01,547 - INFO - LOV class generated for PurApprovalRuleLov
2024-05-20 11:47:02,302 - INFO - Retrieved metadata for LOV table: FORWARDER_INFO IN PURCHASE_ORDER
2024-05-20 11:47:02,303 - INFO - LOV class generated for ForwarderInfoLov
2024-05-20 11:47:02,776 - INFO - Retrieved metadata for LOV table: INTERNAL_DESTINATION IN PURCHASE_ORDER
2024-05-20 11:47:02,778 - INFO - LOV class generated for InternalDestinationLov
2024-05-20 11:47:04,135 - INFO - Retrieved metadata for LOV table: COMPANY_ADDRESS IN PURCHASE_ORDER
2024-05-20 11:47:04,138 - INFO - LOV class generated for CompanyAddressLov
2024-05-20 11:47:05,509 - INFO - Retrieved metadata for LOV table: SUPPLIER_INFO_ADDRESS IN PURCHASE_ORDER
2024-05-20 11:47:05,521 - INFO - LOV class generated for SupplierInfoAddressLov
2024-05-20 11:47:07,027 - INFO - Retrieved metadata for LOV table: ORDER_CANCEL_REASON IN PURCHASE_ORDER
2024-05-20 11:47:07,029 - INFO - LOV class generated for OrderCancelReasonLov
2024-05-20 11:47:10,272 - INFO - Retrieved metadata for LOV table: PROJECT IN PURCHASE_ORDER
2024-05-20 11:47:10,278 - INFO - LOV class generated for ProjectLov
2024-05-20 11:47:11,477 - INFO - Retrieved metadata for LOV table: PROJECT_ADDRESS IN PURCHASE_ORDER
2024-05-20 11:47:11,479 - INFO - LOV class generated for ProjectAddressLov
2024-05-20 11:47:11,856 - INFO - Retrieved metadata for LOV table: PUR_APPROVAL_TEMPL IN PURCHASE_ORDER
2024-05-20 11:47:11,858 - INFO - LOV class generated for PurApprovalTemplLov
2024-05-20 11:47:12,336 - INFO - Retrieved metadata for LOV table: PURCHASE_CODE IN PURCHASE_ORDER
2024-05-20 11:47:12,346 - INFO - LOV class generated for PurchaseCodeLov
2024-05-20 11:47:12,818 - INFO - Retrieved metadata for LOV table: PUR_AUTH_REJECT_REASON IN PURCHASE_ORDER
2024-05-20 11:47:12,827 - INFO - LOV class generated for PurAuthRejectReasonLov
2024-05-20 11:47:13,296 - INFO - Retrieved metadata for LOV table: WORK_TIME_CALENDAR IN PURCHASE_ORDER
2024-05-20 11:47:13,298 - INFO - LOV class generated for WorkTimeCalendarLov
2024-05-20 11:47:14,684 - INFO - Retrieved metadata for LOV table: SUPPLIER_INFO_ADDRESS IN PURCHASE_ORDER
2024-05-20 11:47:14,686 - INFO - LOV class generated for SupplierInfoAddressLov
2024-05-20 11:47:15,118 - INFO - Retrieved metadata for LOV table: ORDER_COORDINATOR IN PURCHASE_ORDER
2024-05-20 11:47:15,120 - INFO - LOV class generated for OrderCoordinatorLov
2024-05-20 11:47:15,968 - INFO - Retrieved metadata for LOV table: PURCHASE_AUTHORIZER IN PURCHASE_ORDER
2024-05-20 11:47:15,970 - INFO - LOV class generated for PurchaseAuthorizerLov
2024-05-20 11:47:16,384 - INFO - Retrieved metadata for LOV table: PURCHASE_BUYER IN PURCHASE_ORDER
2024-05-20 11:47:16,386 - INFO - LOV class generated for PurchaseBuyerLov
2024-05-20 11:47:16,509 - ERROR - Empty data for LOV table: CTM_MST_AFDELING_LOV IN CTM_BERAT_JANJANG_AVG
2024-05-20 11:47:17,083 - INFO - Retrieved metadata for LOV table: SITE IN CTM_BERAT_JANJANG_AVG
2024-05-20 11:47:17,085 - INFO - LOV class generated for SiteLov
2024-05-20 11:47:17,203 - ERROR - Empty data for LOV table: CTM_MST_AFDELING_LOV IN CTM_SITE_TIME_REGION
2024-05-20 11:47:18,842 - INFO - Retrieved metadata for LOV table: COMPANY IN CTM_SITE_TIME_REGION
2024-05-20 11:47:18,845 - INFO - LOV class generated for CompanyLov
2024-05-20 11:47:19,163 - INFO - Retrieved metadata for LOV table: USER_ALLOWED_SITE_LOV IN CTM_PART_WB_TRANSACTION
2024-05-20 11:47:19,164 - INFO - LOV class generated for UserAllowedSiteLovLov
2024-05-20 11:47:25,086 - INFO - Retrieved metadata for LOV table: INVENTORY_PART IN CTM_PART_WB_TRANSACTION
2024-05-20 11:47:25,094 - INFO - LOV class generated for InventoryPartLov
2024-05-20 11:47:26,897 - INFO - Retrieved metadata for LOV table: PART_REVISION IN INV_PART_IN_STOCK_DELIV2
2024-05-20 11:47:26,900 - INFO - LOV class generated for PartRevisionLov
2024-05-20 11:47:28,548 - INFO - Retrieved metadata for LOV table: WAREHOUSE_BAY_BIN IN INV_PART_IN_STOCK_DELIV2
2024-05-20 11:47:28,551 - INFO - LOV class generated for WarehouseBayBinLov
2024-05-20 11:47:32,997 - INFO - Retrieved metadata for LOV table: SUPPLIER IN INV_PART_IN_STOCK_DELIV2
2024-05-20 11:47:33,004 - INFO - LOV class generated for SupplierLov
2024-05-20 11:47:37,624 - INFO - Retrieved metadata for LOV table: CUST_ORD_CUSTOMER IN INV_PART_IN_STOCK_DELIV2
2024-05-20 11:47:37,631 - INFO - LOV class generated for CustOrdCustomerLov
2024-05-20 11:47:38,325 - INFO - Retrieved metadata for LOV table: INVENTORY_PART_CONFIG IN INV_PART_IN_STOCK_DELIV2
2024-05-20 11:47:38,327 - INFO - LOV class generated for InventoryPartConfigLov
2024-05-20 11:47:39,333 - INFO - Retrieved metadata for LOV table: INVENTORY_LOCATION IN INV_PART_IN_STOCK_DELIV2
2024-05-20 11:47:39,334 - INFO - LOV class generated for InventoryLocationLov
2024-05-20 11:47:39,991 - INFO - Retrieved metadata for LOV table: SITE IN CTM_QUALITY_TTBJ_HEAD
2024-05-20 11:47:39,992 - INFO - LOV class generated for SiteLov
2024-05-20 11:47:42,201 - INFO - Retrieved metadata for LOV table: INVENTORY_PART_PLANNING IN CTM_QUALITY_TTBJ_HEAD
2024-05-20 11:47:42,205 - INFO - LOV class generated for InventoryPartPlanningLov
2024-05-20 11:47:43,942 - INFO - Retrieved metadata for LOV table: WAREHOUSE_BAY_BIN IN CTM_INVENT_PART_IN_STOCK_DELIV
2024-05-20 11:47:43,945 - INFO - LOV class generated for WarehouseBayBinLov
2024-05-20 11:47:48,489 - INFO - Retrieved metadata for LOV table: SUPPLIER IN CTM_INVENT_PART_IN_STOCK_DELIV
2024-05-20 11:47:48,496 - INFO - LOV class generated for SupplierLov
2024-05-20 11:47:53,037 - INFO - Retrieved metadata for LOV table: CUST_ORD_CUSTOMER IN CTM_INVENT_PART_IN_STOCK_DELIV
2024-05-20 11:47:53,044 - INFO - LOV class generated for CustOrdCustomerLov
2024-05-20 11:47:53,641 - INFO - Retrieved metadata for LOV table: INVENTORY_PART_CONFIG IN CTM_INVENT_PART_IN_STOCK_DELIV
2024-05-20 11:47:53,642 - INFO - LOV class generated for InventoryPartConfigLov
2024-05-20 11:47:54,602 - INFO - Retrieved metadata for LOV table: INVENTORY_LOCATION IN CTM_INVENT_PART_IN_STOCK_DELIV
2024-05-20 11:47:54,604 - INFO - LOV class generated for InventoryLocationLov
2024-05-20 11:47:56,398 - INFO - Retrieved metadata for LOV table: PART_REVISION IN CTM_INVENT_PART_IN_STOCK_DELIV
2024-05-20 11:47:56,401 - INFO - LOV class generated for PartRevisionLov
2024-05-20 11:47:57,253 - INFO - Retrieved metadata for LOV table: CTM_QUALITY_TTBJ_HEAD IN CTM_QUALITY_TTBJ
2024-05-20 11:47:57,255 - INFO - LOV class generated for QualityTtbjHeadLov
2024-05-20 11:47:58,003 - INFO - Retrieved metadata for LOV table: ISO_UNIT IN CTM_QUALITY_TTBJ
2024-05-20 11:47:58,006 - INFO - LOV class generated for IsoUnitLov
2024-05-20 11:47:58,615 - INFO - Retrieved metadata for LOV table: SITE IN CTM_QUALITY_TTBJ_ALL
2024-05-20 11:47:58,617 - INFO - LOV class generated for SiteLov
2024-05-20 11:48:00,532 - INFO - Retrieved metadata for LOV table: INVENTORY_PART_PLANNING IN CTM_QUALITY_TTBJ_ALL
2024-05-20 11:48:00,535 - INFO - LOV class generated for InventoryPartPlanningLov
2024-05-20 11:48:03,056 - INFO - Retrieved metadata for LOV table: PART_CATALOG IN CTM_QUALITY_FG_HEAD
2024-05-20 11:48:03,060 - INFO - LOV class generated for PartCatalogLov
2024-05-20 11:48:04,011 - INFO - Retrieved metadata for LOV table: INVENTORY_LOCATION IN CTM_DISTINCT_CONTRACT
2024-05-20 11:48:04,013 - INFO - LOV class generated for InventoryLocationLov
2024-05-20 11:48:06,129 - INFO - Retrieved metadata for LOV table: PART_CATALOG IN CTM_QUALITY_FG_DISC
2024-05-20 11:48:06,132 - INFO - LOV class generated for PartCatalogLov
2024-05-20 11:48:06,797 - INFO - Retrieved metadata for LOV table: CTM_QUALITY_FG_HEAD IN CTM_QUALITY_FG_DISC
2024-05-20 11:48:06,799 - INFO - LOV class generated for QualityFgHeadLov
2024-05-20 11:48:07,503 - INFO - Retrieved metadata for LOV table: ISO_UNIT IN CTM_QUALITY_FG_DISC
2024-05-20 11:48:07,505 - INFO - LOV class generated for IsoUnitLov
2024-05-20 11:48:09,649 - INFO - Retrieved metadata for LOV table: PART_CATALOG IN CTM_QUALITY_FG_INDISC
2024-05-20 11:48:09,653 - INFO - LOV class generated for PartCatalogLov
2024-05-20 11:48:10,322 - INFO - Retrieved metadata for LOV table: CTM_QUALITY_FG_HEAD IN CTM_QUALITY_FG_INDISC
2024-05-20 11:48:10,324 - INFO - LOV class generated for QualityFgHeadLov
2024-05-20 11:48:11,019 - INFO - Retrieved metadata for LOV table: ISO_UNIT IN CTM_QUALITY_FG_INDISC
2024-05-20 11:48:11,020 - INFO - LOV class generated for IsoUnitLov
2024-05-20 11:48:11,595 - INFO - Retrieved metadata for LOV table: MPCCOM_SHIP_VIA IN RETURN_MATERIAL
2024-05-20 11:48:11,597 - INFO - LOV class generated for MpccomShipViaLov
2024-05-20 11:48:12,247 - INFO - Retrieved metadata for LOV table: ORDER_DELIVERY_TERM IN RETURN_MATERIAL
2024-05-20 11:48:12,249 - INFO - LOV class generated for OrderDeliveryTermLov
2024-05-20 11:48:15,612 - INFO - Retrieved metadata for LOV table: RETURN_MATERIAL IN RETURN_MATERIAL
2024-05-20 11:48:15,617 - INFO - LOV class generated for ReturnMaterialLov
2024-05-20 11:48:18,860 - INFO - Retrieved metadata for LOV table: RETURN_MATERIAL IN RETURN_MATERIAL
2024-05-20 11:48:18,865 - INFO - LOV class generated for ReturnMaterialLov
2024-05-20 11:48:23,428 - INFO - Retrieved metadata for LOV table: CUST_ORD_CUSTOMER IN RETURN_MATERIAL
2024-05-20 11:48:23,436 - INFO - LOV class generated for CustOrdCustomerLov
2024-05-20 11:48:23,777 - INFO - Retrieved metadata for LOV table: CUSTOMER_TAX_USAGE_TYPE IN RETURN_MATERIAL
2024-05-20 11:48:23,779 - INFO - LOV class generated for CustomerTaxUsageTypeLov
2024-05-20 11:48:24,234 - INFO - Retrieved metadata for LOV table: ISO_CURRENCY IN RETURN_MATERIAL
2024-05-20 11:48:24,237 - INFO - LOV class generated for IsoCurrencyLov
2024-05-20 11:48:28,794 - INFO - Retrieved metadata for LOV table: CUST_ORD_CUSTOMER IN RETURN_MATERIAL
2024-05-20 11:48:28,801 - INFO - LOV class generated for CustOrdCustomerLov
2024-05-20 11:48:29,384 - INFO - Retrieved metadata for LOV table: SITE IN RETURN_MATERIAL
2024-05-20 11:48:29,386 - INFO - LOV class generated for SiteLov
2024-05-20 11:48:29,801 - INFO - Retrieved metadata for LOV table: ORDER_COORDINATOR IN RETURN_MATERIAL
2024-05-20 11:48:29,802 - INFO - LOV class generated for OrderCoordinatorLov
2024-05-20 11:48:30,105 - INFO - Retrieved metadata for LOV table: APPLICATION_LANGUAGE IN RETURN_MATERIAL
2024-05-20 11:48:30,106 - INFO - LOV class generated for ApplicationLanguageLov
2024-05-20 11:48:30,604 - INFO - Retrieved metadata for LOV table: TAX_LIABILITY IN RETURN_MATERIAL
2024-05-20 11:48:30,605 - INFO - LOV class generated for TaxLiabilityLov
2024-05-20 11:48:32,116 - INFO - Retrieved metadata for LOV table: CUSTOMER_INFO_ADDRESS IN RETURN_MATERIAL
2024-05-20 11:48:32,119 - INFO - LOV class generated for CustomerInfoAddressLov
2024-05-20 11:48:36,645 - INFO - Retrieved metadata for LOV table: CUST_ORD_CUSTOMER IN RETURN_MATERIAL
2024-05-20 11:48:36,652 - INFO - LOV class generated for CustOrdCustomerLov
2024-05-20 11:48:38,215 - INFO - Retrieved metadata for LOV table: CUSTOMER_INFO_ADDRESS IN RETURN_MATERIAL
2024-05-20 11:48:38,218 - INFO - LOV class generated for CustomerInfoAddressLov
2024-05-20 11:48:40,108 - INFO - Retrieved metadata for LOV table: CUST_ORD_CUSTOMER_ADDRESS IN RETURN_MATERIAL
2024-05-20 11:48:40,110 - INFO - LOV class generated for CustOrdCustomerAddressLov
2024-05-20 11:48:41,752 - INFO - Retrieved metadata for LOV table: CC_CASE_TASK IN RETURN_MATERIAL
2024-05-20 11:48:41,755 - INFO - LOV class generated for CcCaseTaskLov
2024-05-20 11:48:42,525 - INFO - Retrieved metadata for LOV table: ISO_COUNTRY IN RETURN_MATERIAL
2024-05-20 11:48:42,527 - INFO - LOV class generated for IsoCountryLov
2024-05-20 11:48:43,031 - INFO - Retrieved metadata for LOV table: ORDER_CANCEL_REASON IN RETURN_MATERIAL
2024-05-20 11:48:43,033 - INFO - LOV class generated for OrderCancelReasonLov
2024-05-20 11:48:49,479 - INFO - Retrieved metadata for LOV table: CUSTOMER_ORDER IN RETURN_MATERIAL
2024-05-20 11:48:49,489 - INFO - LOV class generated for CustomerOrderLov
2024-05-20 11:48:54,509 - INFO - Retrieved metadata for LOV table: SHIPMENT IN RETURN_MATERIAL
2024-05-20 11:48:54,518 - INFO - LOV class generated for ShipmentLov
2024-05-20 11:48:59,160 - INFO - Retrieved metadata for LOV table: SUPPLIER IN RETURN_MATERIAL
2024-05-20 11:48:59,167 - INFO - LOV class generated for SupplierLov
2024-05-20 11:48:59,736 - INFO - Retrieved metadata for LOV table: SITE IN RETURN_MATERIAL
2024-05-20 11:48:59,737 - INFO - LOV class generated for SiteLov
2024-05-20 11:49:00,499 - INFO - Retrieved metadata for LOV table: ISO_COUNTRY IN RETURN_MATERIAL
2024-05-20 11:49:00,500 - INFO - LOV class generated for IsoCountryLov
2024-05-20 11:49:03,259 - INFO - Retrieved metadata for LOV table: STATUTORY_FEE IN RETURN_MATERIAL_LINE
2024-05-20 11:49:03,263 - INFO - LOV class generated for StatutoryFeeLov
2024-05-20 11:49:03,627 - INFO - Retrieved metadata for LOV table: TAX_CLASS IN RETURN_MATERIAL_LINE
2024-05-20 11:49:03,628 - INFO - LOV class generated for TaxClassLov
2024-05-20 11:49:04,142 - INFO - Retrieved metadata for LOV table: TAX_LIABILITY IN RETURN_MATERIAL_LINE
2024-05-20 11:49:04,143 - INFO - LOV class generated for TaxLiabilityLov
2024-05-20 11:49:09,363 - INFO - Retrieved metadata for LOV table: INVENTORY_PART IN RETURN_MATERIAL_LINE
2024-05-20 11:49:09,370 - INFO - LOV class generated for InventoryPartLov
2024-05-20 11:49:10,164 - INFO - Retrieved metadata for LOV table: CONFIGURATION_SPEC IN RETURN_MATERIAL_LINE
2024-05-20 11:49:10,166 - INFO - LOV class generated for ConfigurationSpecLov
2024-05-20 11:49:10,816 - INFO - Retrieved metadata for LOV table: CONDITION_CODE IN RETURN_MATERIAL_LINE
2024-05-20 11:49:10,818 - INFO - LOV class generated for ConditionCodeLov
2024-05-20 11:49:11,285 - INFO - Retrieved metadata for LOV table: DELIVERY_TYPE IN RETURN_MATERIAL_LINE
2024-05-20 11:49:11,287 - INFO - LOV class generated for DeliveryTypeLov
2024-05-20 11:49:11,784 - INFO - Retrieved metadata for LOV table: ORDER_CANCEL_REASON IN RETURN_MATERIAL_LINE
2024-05-20 11:49:11,785 - INFO - LOV class generated for OrderCancelReasonLov
2024-05-20 11:49:14,208 - ERROR - An error occurred while getting metadata for LOV table PURCHASE_ORDER_LINE IN RETURN_MATERIAL_LINE: 'NoneType' object has no attribute 'json'
2024-05-20 11:49:14,698 - INFO - Retrieved metadata for LOV table: RETURN_CAUSE IN RETURN_MATERIAL_LINE
2024-05-20 11:49:14,700 - INFO - LOV class generated for ReturnCauseLov
2024-05-20 11:49:15,198 - INFO - Retrieved metadata for LOV table: TAX_CALC_STRUCTURE IN RETURN_MATERIAL_LINE
2024-05-20 11:49:15,207 - INFO - LOV class generated for TaxCalcStructureLov
2024-05-20 11:49:15,528 - INFO - Retrieved metadata for LOV table: CUSTOMER_TAX_USAGE_TYPE IN RETURN_MATERIAL_LINE
2024-05-20 11:49:15,529 - INFO - LOV class generated for CustomerTaxUsageTypeLov
2024-05-20 11:49:16,006 - INFO - Retrieved metadata for LOV table: HSN_SAC_CODE IN RETURN_MATERIAL_LINE
2024-05-20 11:49:16,008 - INFO - LOV class generated for HsnSacCodeLov
2024-05-20 11:49:19,761 - INFO - Retrieved metadata for LOV table: RETURN_MATERIAL IN RETURN_MATERIAL_LINE
2024-05-20 11:49:19,766 - INFO - LOV class generated for ReturnMaterialLov
2024-05-20 11:49:23,129 - INFO - Retrieved metadata for LOV table: SALES_PART IN RETURN_MATERIAL_LINE
2024-05-20 11:49:23,134 - INFO - LOV class generated for SalesPartLov
2024-05-20 11:49:31,645 - ERROR - An error occurred while getting metadata for LOV table CUSTOMER_ORDER_LINE IN RETURN_MATERIAL_LINE: Expecting value: line 1 column 71937 (char 71936)
2024-05-20 11:49:32,088 - INFO - Retrieved metadata for LOV table: ORDER_COORDINATOR IN RETURN_MATERIAL_LINE
2024-05-20 11:49:32,090 - INFO - LOV class generated for OrderCoordinatorLov
2024-05-20 11:49:32,566 - INFO - Retrieved metadata for LOV table: RETURN_MATERIAL_REASON IN RETURN_MATERIAL_LINE
2024-05-20 11:49:32,568 - INFO - LOV class generated for ReturnMaterialReasonLov
2024-05-20 11:49:33,056 - INFO - Retrieved metadata for LOV table: TAX_CALC_STRUCTURE IN RETURN_MATERIAL_CHARGE
2024-05-20 11:49:33,058 - INFO - LOV class generated for TaxCalcStructureLov
2024-05-20 11:49:33,377 - INFO - Retrieved metadata for LOV table: CUSTOMER_TAX_USAGE_TYPE IN RETURN_MATERIAL_CHARGE
2024-05-20 11:49:33,378 - INFO - LOV class generated for CustomerTaxUsageTypeLov
2024-05-20 11:49:33,806 - INFO - Retrieved metadata for LOV table: HSN_SAC_CODE IN RETURN_MATERIAL_CHARGE
2024-05-20 11:49:33,807 - INFO - LOV class generated for HsnSacCodeLov
2024-05-20 11:49:37,014 - INFO - Retrieved metadata for LOV table: RETURN_MATERIAL IN RETURN_MATERIAL_CHARGE
2024-05-20 11:49:37,019 - INFO - LOV class generated for ReturnMaterialLov
2024-05-20 11:49:39,227 - INFO - Retrieved metadata for LOV table: STATUTORY_FEE IN RETURN_MATERIAL_CHARGE
2024-05-20 11:49:39,231 - INFO - LOV class generated for StatutoryFeeLov
2024-05-20 11:49:39,586 - INFO - Retrieved metadata for LOV table: TAX_CLASS IN RETURN_MATERIAL_CHARGE
2024-05-20 11:49:39,587 - INFO - LOV class generated for TaxClassLov
2024-05-20 11:49:42,672 - INFO - Retrieved metadata for LOV table: RETURN_MATERIAL_LINE IN RETURN_MATERIAL_CHARGE
2024-05-20 11:49:42,686 - INFO - LOV class generated for ReturnMaterialLineLov
2024-05-20 11:49:49,167 - INFO - Retrieved metadata for LOV table: CUSTOMER_ORDER IN RETURN_MATERIAL_CHARGE
2024-05-20 11:49:49,176 - INFO - LOV class generated for CustomerOrderLov
2024-05-20 11:49:51,493 - INFO - Retrieved metadata for LOV table: CUSTOMER_ORDER_CHARGE IN RETURN_MATERIAL_CHARGE
2024-05-20 11:49:51,497 - INFO - LOV class generated for CustomerOrderChargeLov
2024-05-20 11:49:53,017 - INFO - Retrieved metadata for LOV table: SALES_CHARGE_TYPE IN RETURN_MATERIAL_CHARGE
2024-05-20 11:49:53,020 - INFO - LOV class generated for SalesChargeTypeLov
2024-05-20 11:49:53,448 - INFO - Retrieved metadata for LOV table: ORDER_COORDINATOR IN RETURN_MATERIAL_CHARGE
2024-05-20 11:49:53,449 - INFO - LOV class generated for OrderCoordinatorLov
2024-05-20 11:49:53,941 - INFO - Retrieved metadata for LOV table: TAX_LIABILITY IN RETURN_MATERIAL_CHARGE
2024-05-20 11:49:53,942 - INFO - LOV class generated for TaxLiabilityLov
2024-05-20 11:49:54,408 - INFO - Retrieved metadata for LOV table: DELIVERY_TYPE IN RETURN_MATERIAL_CHARGE
2024-05-20 11:49:54,410 - INFO - LOV class generated for DeliveryTypeLov
2024-05-20 11:49:55,019 - INFO - Retrieved metadata for LOV table: MPCCOM_SHIP_VIA IN RETURN_MATERIAL
2024-05-20 11:49:55,021 - INFO - LOV class generated for MpccomShipViaLov
2024-05-20 11:49:55,691 - INFO - Retrieved metadata for LOV table: ORDER_DELIVERY_TERM IN RETURN_MATERIAL
2024-05-20 11:49:55,692 - INFO - LOV class generated for OrderDeliveryTermLov
2024-05-20 11:49:58,947 - INFO - Retrieved metadata for LOV table: RETURN_MATERIAL IN RETURN_MATERIAL
2024-05-20 11:49:58,953 - INFO - LOV class generated for ReturnMaterialLov
2024-05-20 11:50:02,148 - INFO - Retrieved metadata for LOV table: RETURN_MATERIAL IN RETURN_MATERIAL
2024-05-20 11:50:02,154 - INFO - LOV class generated for ReturnMaterialLov
2024-05-20 11:50:06,761 - INFO - Retrieved metadata for LOV table: CUST_ORD_CUSTOMER IN RETURN_MATERIAL
2024-05-20 11:50:06,768 - INFO - LOV class generated for CustOrdCustomerLov
2024-05-20 11:50:07,089 - INFO - Retrieved metadata for LOV table: CUSTOMER_TAX_USAGE_TYPE IN RETURN_MATERIAL
2024-05-20 11:50:07,090 - INFO - LOV class generated for CustomerTaxUsageTypeLov
2024-05-20 11:50:07,561 - INFO - Retrieved metadata for LOV table: ISO_CURRENCY IN RETURN_MATERIAL
2024-05-20 11:50:07,563 - INFO - LOV class generated for IsoCurrencyLov
2024-05-20 11:50:12,082 - INFO - Retrieved metadata for LOV table: CUST_ORD_CUSTOMER IN RETURN_MATERIAL
2024-05-20 11:50:12,089 - INFO - LOV class generated for CustOrdCustomerLov
2024-05-20 11:50:12,685 - INFO - Retrieved metadata for LOV table: SITE IN RETURN_MATERIAL
2024-05-20 11:50:12,686 - INFO - LOV class generated for SiteLov
2024-05-20 11:50:13,117 - INFO - Retrieved metadata for LOV table: ORDER_COORDINATOR IN RETURN_MATERIAL
2024-05-20 11:50:13,119 - INFO - LOV class generated for OrderCoordinatorLov
2024-05-20 11:50:13,437 - INFO - Retrieved metadata for LOV table: APPLICATION_LANGUAGE IN RETURN_MATERIAL
2024-05-20 11:50:13,438 - INFO - LOV class generated for ApplicationLanguageLov
2024-05-20 11:50:13,949 - INFO - Retrieved metadata for LOV table: TAX_LIABILITY IN RETURN_MATERIAL
2024-05-20 11:50:13,951 - INFO - LOV class generated for TaxLiabilityLov
2024-05-20 11:50:15,576 - INFO - Retrieved metadata for LOV table: CUSTOMER_INFO_ADDRESS IN RETURN_MATERIAL
2024-05-20 11:50:15,579 - INFO - LOV class generated for CustomerInfoAddressLov
2024-05-20 11:50:20,105 - INFO - Retrieved metadata for LOV table: CUST_ORD_CUSTOMER IN RETURN_MATERIAL
2024-05-20 11:50:20,112 - INFO - LOV class generated for CustOrdCustomerLov
2024-05-20 11:50:21,639 - INFO - Retrieved metadata for LOV table: CUSTOMER_INFO_ADDRESS IN RETURN_MATERIAL
2024-05-20 11:50:21,642 - INFO - LOV class generated for CustomerInfoAddressLov
2024-05-20 11:50:22,541 - INFO - Retrieved metadata for LOV table: CUST_ORD_CUSTOMER_ADDRESS IN RETURN_MATERIAL
2024-05-20 11:50:22,543 - INFO - LOV class generated for CustOrdCustomerAddressLov
2024-05-20 11:50:24,161 - INFO - Retrieved metadata for LOV table: CC_CASE_TASK IN RETURN_MATERIAL
2024-05-20 11:50:24,164 - INFO - LOV class generated for CcCaseTaskLov
2024-05-20 11:50:24,953 - INFO - Retrieved metadata for LOV table: ISO_COUNTRY IN RETURN_MATERIAL
2024-05-20 11:50:24,954 - INFO - LOV class generated for IsoCountryLov
2024-05-20 11:50:25,475 - INFO - Retrieved metadata for LOV table: ORDER_CANCEL_REASON IN RETURN_MATERIAL
2024-05-20 11:50:25,476 - INFO - LOV class generated for OrderCancelReasonLov
2024-05-20 11:50:31,927 - INFO - Retrieved metadata for LOV table: CUSTOMER_ORDER IN RETURN_MATERIAL
2024-05-20 11:50:31,937 - INFO - LOV class generated for CustomerOrderLov
2024-05-20 11:50:36,864 - INFO - Retrieved metadata for LOV table: SHIPMENT IN RETURN_MATERIAL
2024-05-20 11:50:36,872 - INFO - LOV class generated for ShipmentLov
2024-05-20 11:50:41,390 - INFO - Retrieved metadata for LOV table: SUPPLIER IN RETURN_MATERIAL
2024-05-20 11:50:41,398 - INFO - LOV class generated for SupplierLov
2024-05-20 11:50:41,972 - INFO - Retrieved metadata for LOV table: SITE IN RETURN_MATERIAL
2024-05-20 11:50:41,974 - INFO - LOV class generated for SiteLov
2024-05-20 11:50:42,747 - INFO - Retrieved metadata for LOV table: ISO_COUNTRY IN RETURN_MATERIAL
2024-05-20 11:50:42,749 - INFO - LOV class generated for IsoCountryLov
2024-05-20 11:50:42,870 - ERROR - Empty data for LOV table: RETURN_MATERIAL/CASCADE IN RETURN_MATERIAL_HISTORY
2024-05-20 11:50:42,894 - INFO - Created directory: ./generated_code/iid
2024-05-20 11:50:42,896 - INFO - IID Enum generated for FreezeFlag
2024-05-20 11:50:42,896 - INFO - IID Enum generated for LocationType
2024-05-20 11:50:42,897 - INFO - IID Enum generated for DiscPriceRound
2024-05-20 11:50:42,897 - INFO - IID Enum generated for AddrFlag
2024-05-20 11:50:42,898 - INFO - IID Enum generated for GrpDiscCalcFlag
2024-05-20 11:50:42,898 - INFO - IID Enum generated for OrderConf
2024-05-20 11:50:42,899 - INFO - IID Enum generated for OrderConfFlag
2024-05-20 11:50:42,899 - INFO - IID Enum generated for PackListFlag
2024-05-20 11:50:42,899 - INFO - IID Enum generated for PickListFlag
2024-05-20 11:50:42,900 - INFO - IID Enum generated for InternalDeliveryType
2024-05-20 11:50:42,900 - INFO - IID Enum generated for StagedBilling
2024-05-20 11:50:42,900 - INFO - IID Enum generated for SmConnection
2024-05-20 11:50:42,901 - INFO - IID Enum generated for SchedulingConnection
2024-05-20 11:50:42,901 - INFO - IID Enum generated for IntrastatExempt
2024-05-20 11:50:42,901 - INFO - IID Enum generated for SummarizedSourceLines
2024-05-20 11:50:42,901 - INFO - IID Enum generated for ConfirmDeliveries
2024-05-20 11:50:42,902 - INFO - IID Enum generated for CheckSalesGrpDelivConf
2024-05-20 11:50:42,902 - INFO - IID Enum generated for DelayCogsToDelivConf
2024-05-20 11:50:42,903 - INFO - IID Enum generated for JinsuiInvoice
2024-05-20 11:50:42,903 - INFO - IID Enum generated for ReleasedFromCreditCheck
2024-05-20 11:50:42,903 - INFO - IID Enum generated for PrepaymentApproved
2024-05-20 11:50:42,904 - INFO - IID Enum generated for BackorderOption
2024-05-20 11:50:42,904 - INFO - IID Enum generated for ShipmentCreation
2024-05-20 11:50:42,904 - INFO - IID Enum generated for UsePreShipDelNote
2024-05-20 11:50:42,905 - INFO - IID Enum generated for PickInventoryType
2024-05-20 11:50:42,905 - INFO - IID Enum generated for SummarizedFreightCharges
2024-05-20 11:50:42,906 - INFO - IID Enum generated for ApplyFixDelivFreight
2024-05-20 11:50:42,906 - INFO - IID Enum generated for PrintDeliveredLines
2024-05-20 11:50:42,906 - INFO - IID Enum generated for UsePriceInclTax
2024-05-20 11:50:42,907 - INFO - IID Enum generated for FreeOfChgTaxPayParty
2024-05-20 11:50:42,907 - INFO - IID Enum generated for BlockedType
2024-05-20 11:50:42,908 - INFO - IID Enum generated for B2bOrder
2024-05-20 11:50:42,908 - INFO - IID Enum generated for LimitSalesToAssortments
2024-05-20 11:50:42,908 - INFO - IID Enum generated for FinalConsumer
2024-05-20 11:50:42,909 - INFO - IID Enum generated for PendingChanges
2024-05-20 11:50:42,909 - INFO - IID Enum generated for CommunicatedVia
2024-05-20 11:50:42,909 - INFO - IID Enum generated for ChangesCommunicatedVia
2024-05-20 11:50:42,910 - INFO - IID Enum generated for AdhocPurchased
2024-05-20 11:50:42,911 - INFO - IID Enum generated for PickListFlag
2024-05-20 11:50:42,911 - INFO - IID Enum generated for Communicated
2024-05-20 11:50:42,911 - INFO - IID Enum generated for BlanketDate
2024-05-20 11:50:42,912 - INFO - IID Enum generated for ScheduleAgreementOrder
2024-05-20 11:50:42,912 - INFO - IID Enum generated for AddrFlag
2024-05-20 11:50:42,912 - INFO - IID Enum generated for CentralOrderFlag
2024-05-20 11:50:42,913 - INFO - IID Enum generated for CentralizedOrderSite
2024-05-20 11:50:42,913 - INFO - IID Enum generated for ConsolidatedFlag
2024-05-20 11:50:42,913 - INFO - IID Enum generated for IntrastatExempt
2024-05-20 11:50:42,914 - INFO - IID Enum generated for ProjectAddressFlag
2024-05-20 11:50:42,914 - INFO - IID Enum generated for AuthorizationRejected
2024-05-20 11:50:42,914 - INFO - IID Enum generated for UsePriceInclTax
2024-05-20 11:50:42,914 - INFO - IID Enum generated for TimeRegion
2024-05-20 11:50:42,915 - INFO - IID Enum generated for TransactionType
2024-05-20 11:50:42,915 - INFO - IID Enum generated for FreezeFlag
2024-05-20 11:50:42,916 - INFO - IID Enum generated for LocationType
2024-05-20 11:50:42,916 - INFO - IID Enum generated for PartOwnership
2024-05-20 11:50:42,916 - INFO - IID Enum generated for PartOwnership
2024-05-20 11:50:42,916 - INFO - IID Enum generated for FreezeFlag
2024-05-20 11:50:42,917 - INFO - IID Enum generated for LocationType
2024-05-20 11:50:42,917 - INFO - IID Enum generated for Status
2024-05-20 11:50:42,918 - INFO - IID Enum generated for Status
2024-05-20 11:50:42,918 - INFO - IID Enum generated for Status
2024-05-20 11:50:42,918 - INFO - IID Enum generated for IntrastatExempt
2024-05-20 11:50:42,918 - INFO - IID Enum generated for RmaReportPrinted
2024-05-20 11:50:42,919 - INFO - IID Enum generated for JinsuiInvoice
2024-05-20 11:50:42,919 - INFO - IID Enum generated for UsePriceInclTax
2024-05-20 11:50:42,919 - INFO - IID Enum generated for ShipAddrFlag
2024-05-20 11:50:42,919 - INFO - IID Enum generated for ReturnAddrFlag
2024-05-20 11:50:42,920 - INFO - IID Enum generated for RebateBuilder
2024-05-20 11:50:42,920 - INFO - IID Enum generated for Rental
2024-05-20 11:50:42,920 - INFO - IID Enum generated for IntrastatExempt
2024-05-20 11:50:42,920 - INFO - IID Enum generated for RmaReportPrinted
2024-05-20 11:50:42,921 - INFO - IID Enum generated for JinsuiInvoice
2024-05-20 11:50:42,921 - INFO - IID Enum generated for UsePriceInclTax
2024-05-20 11:50:42,921 - INFO - IID Enum generated for ShipAddrFlag
2024-05-20 11:50:42,921 - INFO - IID Enum generated for ReturnAddrFlag
2024-05-20 11:50:42,945 - INFO - Code generation completed in 492.2989673614502 seconds.
